<?xml version="1.0" encoding="UTF-8"?>
<!-- Generated by org.testng.reporters.JUnitReportReporter -->
<testsuite hostname="DESKTOP-5KLHFHK" failures="0" tests="4" name="api.test.UserTests" time="13.238" errors="0" timestamp="2024-08-09T15:50:56 BST" skipped="0">
  <testcase classname="api.test.UserTests" name="testPostUser" time="8.178"/>
  <system-out/>
  <testcase classname="api.test.UserTests" name="testGetUserByName" time="0.853"/>
  <system-out/>
  <testcase classname="api.test.UserTests" name="testUpdateUserByName" time="3.576"/>
  <system-out/>
  <testcase classname="api.test.UserTests" name="testDeleteUserByName" time="0.631"/>
  <system-out/>
</testsuite> <!-- api.test.UserTests -->
